<?xml version="1.0" encoding="UTF-8"?>
<!-- Generated by org.testng.reporters.JUnitReportReporter -->
<testsuite hostname="INBook_X1" failures="0" tests="1" name="testcase.LoginTest" time="3.116" errors="0" timestamp="2023-04-18T14:29:36 IST" skipped="0">
  <testcase classname="testcase.LoginTest" name="logintest" time="3.116"/>
  <system-out/>
</testsuite> <!-- testcase.LoginTest -->
