<?xml version="1.0" encoding="UTF-8"?>
<!-- Generated by org.testng.reporters.JUnitReportReporter -->
<testsuite hostname="INBook_X1" failures="0" tests="1" name="NewTest" time="0.009" errors="0" timestamp="2023-04-17T14:28:01 IST" skipped="0">
  <testcase classname="NewTest" name="f" time="0.009"/>
  <system-out/>
</testsuite> <!-- NewTest -->
